2024-05-30 17:37:25,373 INFO [root] [help.py(<module>:13)] - ï¿½ï¿½Ï¢
2024-05-30 17:37:25,373 WARNING [root] [help.py(<module>:14)] - ï¿½ï¿½ï¿½ï¿½
2024-05-30 17:37:25,373 ERROR [root] [help.py(<module>:15)] - ï¿½ï¿½ï¿½ï¿½
2024-05-30 17:42:35,467 INFO [root] [help.py(<module>:13)] - ï¿½ï¿½Ï¢
2024-05-30 17:42:35,467 WARNING [root] [help.py(<module>:14)] - ï¿½ï¿½ï¿½ï¿½
2024-05-30 17:42:35,467 ERROR [root] [help.py(<module>:15)] - ï¿½ï¿½ï¿½ï¿½
2024-05-30 17:55:17,633 INFO [root] [help.py(<module>:13)] - ï¿½ï¿½Ï¢
2024-05-30 17:55:17,633 WARNING [root] [help.py(<module>:14)] - ï¿½ï¿½ï¿½ï¿½
2024-05-30 17:55:17,634 ERROR [root] [help.py(<module>:15)] - ï¿½ï¿½ï¿½ï¿½
2024-05-30 17:55:17,639 INFO [root] [help.py(<module>:13)] - ï¿½ï¿½Ï¢
2024-05-30 17:55:17,640 WARNING [root] [help.py(<module>:14)] - ï¿½ï¿½ï¿½ï¿½
2024-05-30 17:55:17,640 ERROR [root] [help.py(<module>:15)] - ï¿½ï¿½ï¿½ï¿½
2024-05-30 17:55:20,104 INFO [root] [help.py(<module>:13)] - ï¿½ï¿½Ï¢
2024-05-30 17:55:20,105 WARNING [root] [help.py(<module>:14)] - ï¿½ï¿½ï¿½ï¿½
2024-05-30 17:55:20,105 ERROR [root] [help.py(<module>:15)] - ï¿½ï¿½ï¿½ï¿½
2024-05-31 08:51:21,060 INFO [root] [help.py(<module>:13)] - ï¿½ï¿½Ï¢
2024-05-31 08:51:21,161 WARNING [root] [help.py(<module>:14)] - ï¿½ï¿½ï¿½ï¿½
2024-05-31 08:51:21,176 ERROR [root] [help.py(<module>:15)] - ï¿½ï¿½ï¿½ï¿½
2024-05-31 18:01:13,818 INFO [root] [help.py(<module>:13)] - ï¿½ï¿½Ï¢
2024-05-31 18:01:13,834 WARNING [root] [help.py(<module>:14)] - ï¿½ï¿½ï¿½ï¿½
2024-05-31 18:01:13,834 ERROR [root] [help.py(<module>:15)] - ï¿½ï¿½ï¿½ï¿½
2024-06-03 08:55:55,313 INFO [root] [help.py(<module>:13)] - ï¿½ï¿½Ï¢
2024-06-03 08:55:55,391 WARNING [root] [help.py(<module>:14)] - ï¿½ï¿½ï¿½ï¿½
2024-06-03 08:55:55,391 ERROR [root] [help.py(<module>:15)] - ï¿½ï¿½ï¿½ï¿½
2024-06-03 08:57:29,823 INFO [root] [help.py(<module>:13)] - ï¿½ï¿½Ï¢
2024-06-03 08:57:29,823 WARNING [root] [help.py(<module>:14)] - ï¿½ï¿½ï¿½ï¿½
2024-06-03 08:57:29,823 ERROR [root] [help.py(<module>:15)] - ï¿½ï¿½ï¿½ï¿½
2024-06-03 17:50:22,529 INFO [root] [help.py(<module>:13)] - ï¿½ï¿½Ï¢
2024-06-03 17:50:22,545 WARNING [root] [help.py(<module>:14)] - ï¿½ï¿½ï¿½ï¿½
2024-06-03 17:50:22,545 ERROR [root] [help.py(<module>:15)] - ï¿½ï¿½ï¿½ï¿½
2024-06-04 08:50:11,733 INFO [root] [help.py(<module>:13)] - ï¿½ï¿½Ï¢
2024-06-04 08:50:11,849 WARNING [root] [help.py(<module>:14)] - ï¿½ï¿½ï¿½ï¿½
2024-06-04 08:50:11,864 ERROR [root] [help.py(<module>:15)] - ï¿½ï¿½ï¿½ï¿½
2024-06-04 18:03:19,235 INFO [root] [help.py(<module>:13)] - ï¿½ï¿½Ï¢
2024-06-04 18:03:19,257 WARNING [root] [help.py(<module>:14)] - ï¿½ï¿½ï¿½ï¿½
2024-06-04 18:03:19,258 ERROR [root] [help.py(<module>:15)] - ï¿½ï¿½ï¿½ï¿½
2024-06-05 08:52:44,001 INFO [root] [help.py(<module>:13)] - ï¿½ï¿½Ï¢
2024-06-05 08:52:44,038 WARNING [root] [help.py(<module>:14)] - ï¿½ï¿½ï¿½ï¿½
2024-06-05 08:52:44,054 ERROR [root] [help.py(<module>:15)] - ï¿½ï¿½ï¿½ï¿½
2024-06-05 17:51:22,509 INFO [root] [help.py(<module>:13)] - ï¿½ï¿½Ï¢
2024-06-05 17:51:22,529 WARNING [root] [help.py(<module>:14)] - ï¿½ï¿½ï¿½ï¿½
2024-06-05 17:51:22,530 ERROR [root] [help.py(<module>:15)] - ï¿½ï¿½ï¿½ï¿½
2024-06-05 17:51:57,681 INFO [root] [help.py(<module>:13)] - ï¿½ï¿½Ï¢
2024-06-05 17:51:57,681 WARNING [root] [help.py(<module>:14)] - ï¿½ï¿½ï¿½ï¿½
2024-06-05 17:51:57,681 ERROR [root] [help.py(<module>:15)] - ï¿½ï¿½ï¿½ï¿½
2024-06-06 08:52:21,739 INFO [root] [help.py(<module>:13)] - ï¿½ï¿½Ï¢
2024-06-06 08:52:21,786 WARNING [root] [help.py(<module>:14)] - ï¿½ï¿½ï¿½ï¿½
2024-06-06 08:52:21,786 ERROR [root] [help.py(<module>:15)] - ï¿½ï¿½ï¿½ï¿½
2024-06-07 08:52:12,789 INFO [root] [help.py(<module>:13)] - ï¿½ï¿½Ï¢
2024-06-07 08:52:12,949 WARNING [root] [help.py(<module>:14)] - ï¿½ï¿½ï¿½ï¿½
2024-06-07 08:52:12,980 ERROR [root] [help.py(<module>:15)] - ï¿½ï¿½ï¿½ï¿½
2024-06-07 17:50:21,245 INFO [root] [help.py(<module>:13)] - ï¿½ï¿½Ï¢
2024-06-07 17:50:21,265 WARNING [root] [help.py(<module>:14)] - ï¿½ï¿½ï¿½ï¿½
2024-06-07 17:50:21,265 ERROR [root] [help.py(<module>:15)] - ï¿½ï¿½ï¿½ï¿½
2024-06-07 22:44:40,583 INFO [root] [help.py(<module>:13)] - ï¿½ï¿½Ï¢
2024-06-07 22:44:40,583 WARNING [root] [help.py(<module>:14)] - ï¿½ï¿½ï¿½ï¿½
2024-06-07 22:44:40,584 ERROR [root] [help.py(<module>:15)] - ï¿½ï¿½ï¿½ï¿½
2024-06-11 08:56:02,237 INFO [root] [help.py(<module>:13)] - ï¿½ï¿½Ï¢
2024-06-11 08:56:02,300 WARNING [root] [help.py(<module>:14)] - ï¿½ï¿½ï¿½ï¿½
2024-06-11 08:56:02,300 ERROR [root] [help.py(<module>:15)] - ï¿½ï¿½ï¿½ï¿½
2024-06-11 17:57:12,243 INFO [root] [help.py(<module>:13)] - ï¿½ï¿½Ï¢
2024-06-11 17:57:12,337 WARNING [root] [help.py(<module>:14)] - ï¿½ï¿½ï¿½ï¿½
2024-06-11 17:57:12,357 ERROR [root] [help.py(<module>:15)] - ï¿½ï¿½ï¿½ï¿½
2024-06-12 08:38:20,379 INFO [root] [help.py(<module>:13)] - ï¿½ï¿½Ï¢
2024-06-12 08:38:20,411 WARNING [root] [help.py(<module>:14)] - ï¿½ï¿½ï¿½ï¿½
2024-06-12 08:38:20,412 ERROR [root] [help.py(<module>:15)] - ï¿½ï¿½ï¿½ï¿½
2024-06-12 17:47:25,760 INFO [root] [help.py(<module>:13)] - ï¿½ï¿½Ï¢
2024-06-12 17:47:25,787 WARNING [root] [help.py(<module>:14)] - ï¿½ï¿½ï¿½ï¿½
2024-06-12 17:47:25,787 ERROR [root] [help.py(<module>:15)] - ï¿½ï¿½ï¿½ï¿½
2024-06-12 17:52:46,030 INFO [root] [help.py(<module>:13)] - ï¿½ï¿½Ï¢
2024-06-12 17:52:46,080 WARNING [root] [help.py(<module>:14)] - ï¿½ï¿½ï¿½ï¿½
2024-06-12 17:52:46,080 ERROR [root] [help.py(<module>:15)] - ï¿½ï¿½ï¿½ï¿½
2024-06-13 08:51:43,633 INFO [root] [help.py(<module>:13)] - ï¿½ï¿½Ï¢
2024-06-13 08:51:43,728 WARNING [root] [help.py(<module>:14)] - ï¿½ï¿½ï¿½ï¿½
2024-06-13 08:51:43,784 ERROR [root] [help.py(<module>:15)] - ï¿½ï¿½ï¿½ï¿½
2024-06-13 17:47:29,988 INFO [root] [help.py(<module>:13)] - ï¿½ï¿½Ï¢
2024-06-13 17:47:30,000 WARNING [root] [help.py(<module>:14)] - ï¿½ï¿½ï¿½ï¿½
2024-06-13 17:47:30,001 ERROR [root] [help.py(<module>:15)] - ï¿½ï¿½ï¿½ï¿½
2024-06-13 17:47:30,374 INFO [root] [help.py(<module>:13)] - ï¿½ï¿½Ï¢
2024-06-13 17:47:30,374 WARNING [root] [help.py(<module>:14)] - ï¿½ï¿½ï¿½ï¿½
2024-06-13 17:47:30,374 ERROR [root] [help.py(<module>:15)] - ï¿½ï¿½ï¿½ï¿½
2024-06-13 18:00:00,382 INFO [root] [help.py(<module>:13)] - ï¿½ï¿½Ï¢
2024-06-13 18:00:00,382 WARNING [root] [help.py(<module>:14)] - ï¿½ï¿½ï¿½ï¿½
2024-06-13 18:00:00,383 ERROR [root] [help.py(<module>:15)] - ï¿½ï¿½ï¿½ï¿½
2024-06-14 08:49:29,942 INFO [root] [help.py(<module>:13)] - ï¿½ï¿½Ï¢
2024-06-14 08:49:30,031 WARNING [root] [help.py(<module>:14)] - ï¿½ï¿½ï¿½ï¿½
2024-06-14 08:49:30,043 ERROR [root] [help.py(<module>:15)] - ï¿½ï¿½ï¿½ï¿½
2024-06-14 17:37:09,680 INFO [root] [help.py(<module>:13)] - ï¿½ï¿½Ï¢
2024-06-14 17:37:09,694 WARNING [root] [help.py(<module>:14)] - ï¿½ï¿½ï¿½ï¿½
2024-06-14 17:37:09,694 ERROR [root] [help.py(<module>:15)] - ï¿½ï¿½ï¿½ï¿½
2024-06-17 08:51:46,298 INFO [root] [help.py(<module>:13)] - ï¿½ï¿½Ï¢
2024-06-17 08:51:46,336 WARNING [root] [help.py(<module>:14)] - ï¿½ï¿½ï¿½ï¿½
2024-06-17 08:51:46,383 ERROR [root] [help.py(<module>:15)] - ï¿½ï¿½ï¿½ï¿½
2024-06-17 08:52:56,849 INFO [root] [help.py(<module>:13)] - ï¿½ï¿½Ï¢
2024-06-17 08:52:56,849 WARNING [root] [help.py(<module>:14)] - ï¿½ï¿½ï¿½ï¿½
2024-06-17 08:52:56,849 ERROR [root] [help.py(<module>:15)] - ï¿½ï¿½ï¿½ï¿½
2024-06-18 08:47:04,775 INFO [root] [help.py(<module>:13)] - ï¿½ï¿½Ï¢
2024-06-18 08:47:04,806 WARNING [root] [help.py(<module>:14)] - ï¿½ï¿½ï¿½ï¿½
2024-06-18 08:47:04,822 ERROR [root] [help.py(<module>:15)] - ï¿½ï¿½ï¿½ï¿½
2024-06-18 18:00:13,773 INFO [root] [help.py(<module>:13)] - ï¿½ï¿½Ï¢
2024-06-18 18:00:13,787 WARNING [root] [help.py(<module>:14)] - ï¿½ï¿½ï¿½ï¿½
2024-06-18 18:00:13,787 ERROR [root] [help.py(<module>:15)] - ï¿½ï¿½ï¿½ï¿½
2024-06-18 18:00:13,787 INFO [root] [help.py(<module>:13)] - ï¿½ï¿½Ï¢
2024-06-18 18:00:13,787 WARNING [root] [help.py(<module>:14)] - ï¿½ï¿½ï¿½ï¿½
2024-06-18 18:00:13,787 ERROR [root] [help.py(<module>:15)] - ï¿½ï¿½ï¿½ï¿½
2024-06-19 08:48:30,263 INFO [root] [help.py(<module>:13)] - ï¿½ï¿½Ï¢
2024-06-19 08:48:30,310 WARNING [root] [help.py(<module>:14)] - ï¿½ï¿½ï¿½ï¿½
2024-06-19 08:48:30,341 ERROR [root] [help.py(<module>:15)] - ï¿½ï¿½ï¿½ï¿½
2024-06-19 17:50:17,669 INFO [root] [help.py(<module>:13)] - ï¿½ï¿½Ï¢
2024-06-19 17:50:17,686 WARNING [root] [help.py(<module>:14)] - ï¿½ï¿½ï¿½ï¿½
2024-06-19 17:50:17,687 ERROR [root] [help.py(<module>:15)] - ï¿½ï¿½ï¿½ï¿½
2024-06-20 08:48:37,558 INFO [root] [help.py(<module>:13)] - ï¿½ï¿½Ï¢
2024-06-20 08:48:37,605 WARNING [root] [help.py(<module>:14)] - ï¿½ï¿½ï¿½ï¿½
2024-06-20 08:48:37,621 ERROR [root] [help.py(<module>:15)] - ï¿½ï¿½ï¿½ï¿½
2024-06-20 08:49:52,808 INFO [root] [help.py(<module>:13)] - ï¿½ï¿½Ï¢
2024-06-20 08:49:52,808 WARNING [root] [help.py(<module>:14)] - ï¿½ï¿½ï¿½ï¿½
2024-06-20 08:49:52,808 ERROR [root] [help.py(<module>:15)] - ï¿½ï¿½ï¿½ï¿½
2024-06-20 17:52:44,333 INFO [root] [help.py(<module>:13)] - ï¿½ï¿½Ï¢
2024-06-20 17:52:44,346 WARNING [root] [help.py(<module>:14)] - ï¿½ï¿½ï¿½ï¿½
2024-06-20 17:52:44,346 ERROR [root] [help.py(<module>:15)] - ï¿½ï¿½ï¿½ï¿½
2024-06-21 08:48:31,124 INFO [root] [help.py(<module>:13)] - ï¿½ï¿½Ï¢
2024-06-21 08:48:31,208 WARNING [root] [help.py(<module>:14)] - ï¿½ï¿½ï¿½ï¿½
2024-06-21 08:48:31,224 ERROR [root] [help.py(<module>:15)] - ï¿½ï¿½ï¿½ï¿½
2024-06-21 17:30:33,136 INFO [root] [help.py(<module>:13)] - ï¿½ï¿½Ï¢
2024-06-21 17:30:33,153 WARNING [root] [help.py(<module>:14)] - ï¿½ï¿½ï¿½ï¿½
2024-06-21 17:30:33,153 ERROR [root] [help.py(<module>:15)] - ï¿½ï¿½ï¿½ï¿½
2024-06-21 17:31:02,506 INFO [root] [help.py(<module>:13)] - ï¿½ï¿½Ï¢
2024-06-21 17:31:02,506 WARNING [root] [help.py(<module>:14)] - ï¿½ï¿½ï¿½ï¿½
2024-06-21 17:31:02,506 ERROR [root] [help.py(<module>:15)] - ï¿½ï¿½ï¿½ï¿½
2024-06-21 19:09:24,787 INFO [root] [help.py(<module>:13)] - ï¿½ï¿½Ï¢
2024-06-21 19:09:24,787 WARNING [root] [help.py(<module>:14)] - ï¿½ï¿½ï¿½ï¿½
2024-06-21 19:09:24,787 ERROR [root] [help.py(<module>:15)] - ï¿½ï¿½ï¿½ï¿½
2024-06-21 19:10:35,436 INFO [root] [help.py(<module>:13)] - ï¿½ï¿½Ï¢
2024-06-21 19:10:35,436 WARNING [root] [help.py(<module>:14)] - ï¿½ï¿½ï¿½ï¿½
2024-06-21 19:10:35,436 ERROR [root] [help.py(<module>:15)] - ï¿½ï¿½ï¿½ï¿½
2024-06-24 08:38:20,255 INFO [root] [help.py(<module>:13)] - ï¿½ï¿½Ï¢
2024-06-24 08:38:20,521 WARNING [root] [help.py(<module>:14)] - ï¿½ï¿½ï¿½ï¿½
2024-06-24 08:38:20,537 ERROR [root] [help.py(<module>:15)] - ï¿½ï¿½ï¿½ï¿½
2024-06-24 08:41:06,998 INFO [root] [help.py(<module>:13)] - ï¿½ï¿½Ï¢
2024-06-24 08:41:06,998 WARNING [root] [help.py(<module>:14)] - ï¿½ï¿½ï¿½ï¿½
2024-06-24 08:41:06,998 ERROR [root] [help.py(<module>:15)] - ï¿½ï¿½ï¿½ï¿½
2024-06-24 17:26:37,637 INFO [root] [help.py(<module>:13)] - ï¿½ï¿½Ï¢
2024-06-24 17:26:37,665 WARNING [root] [help.py(<module>:14)] - ï¿½ï¿½ï¿½ï¿½
2024-06-24 17:26:37,665 ERROR [root] [help.py(<module>:15)] - ï¿½ï¿½ï¿½ï¿½
2024-06-25 08:56:09,177 INFO [root] [help.py(<module>:13)] - ï¿½ï¿½Ï¢
2024-06-25 08:56:09,255 WARNING [root] [help.py(<module>:14)] - ï¿½ï¿½ï¿½ï¿½
2024-06-25 08:56:09,312 ERROR [root] [help.py(<module>:15)] - ï¿½ï¿½ï¿½ï¿½
2024-06-25 17:41:51,678 INFO [root] [help.py(<module>:13)] - ï¿½ï¿½Ï¢
2024-06-25 17:41:51,698 WARNING [root] [help.py(<module>:14)] - ï¿½ï¿½ï¿½ï¿½
2024-06-25 17:41:51,698 ERROR [root] [help.py(<module>:15)] - ï¿½ï¿½ï¿½ï¿½
2024-06-26 08:44:34,907 INFO [root] [help.py(<module>:13)] - ï¿½ï¿½Ï¢
2024-06-26 08:44:34,954 WARNING [root] [help.py(<module>:14)] - ï¿½ï¿½ï¿½ï¿½
2024-06-26 08:44:34,985 ERROR [root] [help.py(<module>:15)] - ï¿½ï¿½ï¿½ï¿½
2024-06-26 08:47:17,430 INFO [root] [help.py(<module>:13)] - ï¿½ï¿½Ï¢
2024-06-26 08:47:17,430 WARNING [root] [help.py(<module>:14)] - ï¿½ï¿½ï¿½ï¿½
2024-06-26 08:47:17,430 ERROR [root] [help.py(<module>:15)] - ï¿½ï¿½ï¿½ï¿½
2024-06-27 08:50:39,855 INFO [root] [help.py(<module>:13)] - ï¿½ï¿½Ï¢
2024-06-27 08:50:39,924 WARNING [root] [help.py(<module>:14)] - ï¿½ï¿½ï¿½ï¿½
2024-06-27 08:50:39,940 ERROR [root] [help.py(<module>:15)] - ï¿½ï¿½ï¿½ï¿½
2024-06-27 17:39:37,972 INFO [root] [help.py(<module>:13)] - ï¿½ï¿½Ï¢
2024-06-27 17:39:37,981 WARNING [root] [help.py(<module>:14)] - ï¿½ï¿½ï¿½ï¿½
2024-06-27 17:39:37,981 ERROR [root] [help.py(<module>:15)] - ï¿½ï¿½ï¿½ï¿½
2024-06-28 08:45:00,171 INFO [root] [help.py(<module>:13)] - ï¿½ï¿½Ï¢
2024-06-28 08:45:00,249 WARNING [root] [help.py(<module>:14)] - ï¿½ï¿½ï¿½ï¿½
2024-06-28 08:45:00,264 ERROR [root] [help.py(<module>:15)] - ï¿½ï¿½ï¿½ï¿½
2024-06-28 17:22:05,832 INFO [root] [help.py(<module>:13)] - ï¿½ï¿½Ï¢
2024-06-28 17:22:05,844 WARNING [root] [help.py(<module>:14)] - ï¿½ï¿½ï¿½ï¿½
2024-06-28 17:22:05,844 ERROR [root] [help.py(<module>:15)] - ï¿½ï¿½ï¿½ï¿½
2024-07-01 08:50:13,624 INFO [root] [help.py(<module>:13)] - ï¿½ï¿½Ï¢
2024-07-01 08:50:13,677 WARNING [root] [help.py(<module>:14)] - ï¿½ï¿½ï¿½ï¿½
2024-07-01 08:50:13,677 ERROR [root] [help.py(<module>:15)] - ï¿½ï¿½ï¿½ï¿½
2024-07-16 08:46:19,511 INFO [root] [help.py(<module>:13)] - ÐÅÏ¢
2024-07-16 08:46:19,558 WARNING [root] [help.py(<module>:14)] - ¾¯¸æ
2024-07-16 08:46:19,574 ERROR [root] [help.py(<module>:15)] - ´íÎó
2024-07-17 08:49:32,667 INFO [root] [help.py(<module>:13)] - ÐÅÏ¢
2024-07-17 08:49:32,745 WARNING [root] [help.py(<module>:14)] - ¾¯¸æ
2024-07-17 08:49:32,761 ERROR [root] [help.py(<module>:15)] - ´íÎó
2024-07-19 08:52:21,328 INFO [root] [help.py(<module>:13)] - ÐÅÏ¢
2024-07-19 08:52:21,397 WARNING [root] [help.py(<module>:14)] - ¾¯¸æ
2024-07-19 08:52:21,397 ERROR [root] [help.py(<module>:15)] - ´íÎó
2024-07-22 08:49:33,588 INFO [root] [help.py(<module>:13)] - ÐÅÏ¢
2024-07-22 08:49:33,635 WARNING [root] [help.py(<module>:14)] - ¾¯¸æ
2024-07-22 08:49:33,635 ERROR [root] [help.py(<module>:15)] - ´íÎó
2024-07-23 08:49:15,884 INFO [root] [help.py(<module>:13)] - ÐÅÏ¢
2024-07-23 08:49:15,947 WARNING [root] [help.py(<module>:14)] - ¾¯¸æ
2024-07-23 08:49:15,969 ERROR [root] [help.py(<module>:15)] - ´íÎó
2024-07-24 08:53:10,577 INFO [root] [help.py(<module>:13)] - ÐÅÏ¢
2024-07-24 08:53:10,655 WARNING [root] [help.py(<module>:14)] - ¾¯¸æ
2024-07-24 08:53:10,655 ERROR [root] [help.py(<module>:15)] - ´íÎó
2024-07-25 08:54:07,889 INFO [root] [help.py(<module>:13)] - ÐÅÏ¢
2024-07-25 08:54:07,942 WARNING [root] [help.py(<module>:14)] - ¾¯¸æ
2024-07-25 08:54:07,942 ERROR [root] [help.py(<module>:15)] - ´íÎó
2024-07-26 08:53:56,468 INFO [root] [help.py(<module>:13)] - ÐÅÏ¢
2024-07-26 08:53:56,562 WARNING [root] [help.py(<module>:14)] - ¾¯¸æ
2024-07-26 08:53:56,578 ERROR [root] [help.py(<module>:15)] - ´íÎó
2024-07-29 08:48:27,010 INFO [root] [help.py(<module>:13)] - ÐÅÏ¢
2024-07-29 08:48:27,057 WARNING [root] [help.py(<module>:14)] - ¾¯¸æ
2024-07-29 08:48:27,057 ERROR [root] [help.py(<module>:15)] - ´íÎó
2024-08-01 08:52:27,987 INFO [root] [help.py(<module>:13)] - ÐÅÏ¢
2024-08-01 08:52:28,037 WARNING [root] [help.py(<module>:14)] - ¾¯¸æ
2024-08-01 08:52:28,037 ERROR [root] [help.py(<module>:15)] - ´íÎó
2024-08-05 08:46:41,127 INFO [root] [help.py(<module>:13)] - ÐÅÏ¢
2024-08-05 08:46:41,166 WARNING [root] [help.py(<module>:14)] - ¾¯¸æ
2024-08-05 08:46:41,166 ERROR [root] [help.py(<module>:15)] - ´íÎó
2024-08-05 08:51:30,567 INFO [root] [help.py(<module>:13)] - ÐÅÏ¢
2024-08-05 08:51:30,580 WARNING [root] [help.py(<module>:14)] - ¾¯¸æ
2024-08-05 08:51:30,580 ERROR [root] [help.py(<module>:15)] - ´íÎó
2024-08-06 08:52:36,643 INFO [root] [help.py(<module>:13)] - ÐÅÏ¢
2024-08-06 08:52:36,674 WARNING [root] [help.py(<module>:14)] - ¾¯¸æ
2024-08-06 08:52:36,674 ERROR [root] [help.py(<module>:15)] - ´íÎó
2024-08-07 08:48:26,689 INFO [root] [help.py(<module>:13)] - ÐÅÏ¢
2024-08-07 08:48:26,721 WARNING [root] [help.py(<module>:14)] - ¾¯¸æ
2024-08-07 08:48:26,721 ERROR [root] [help.py(<module>:15)] - ´íÎó
2024-08-08 08:49:41,204 INFO [root] [help.py(<module>:13)] - ÐÅÏ¢
2024-08-08 08:49:41,251 WARNING [root] [help.py(<module>:14)] - ¾¯¸æ
2024-08-08 08:49:41,267 ERROR [root] [help.py(<module>:15)] - ´íÎó
